<?xml version="1.0" encoding="UTF-8"?>
<testsuite xmlns:xsi="http://www.w3.org/2001/XMLSchema-instance" xsi:noNamespaceSchemaLocation="https://maven.apache.org/surefire/maven-surefire-plugin/xsd/surefire-test-report.xsd" version="3.0.2" name="tqs.TqsStackTest" time="0.04" tests="10" errors="0" skipped="0" failures="0">
  <properties>
    <property name="java.specification.version" value="21"/>
    <property name="sun.jnu.encoding" value="UTF-8"/>
    <property name="java.class.path" value="/home/grandeze/UA/3Ano/2Semestre/TQS_114429/lab1/lab1_1/TqsStack/target/test-classes:/home/grandeze/UA/3Ano/2Semestre/TQS_114429/lab1/lab1_1/TqsStack/target/classes:/home/grandeze/.m2/repository/junit/junit/4.13.2/junit-4.13.2.jar:/home/grandeze/.m2/repository/org/hamcrest/hamcrest-core/1.3/hamcrest-core-1.3.jar:/home/grandeze/.m2/repository/org/junit/jupiter/junit-jupiter/5.12.0-RC2/junit-jupiter-5.12.0-RC2.jar:/home/grandeze/.m2/repository/org/junit/jupiter/junit-jupiter-api/5.12.0-RC2/junit-jupiter-api-5.12.0-RC2.jar:/home/grandeze/.m2/repository/org/opentest4j/opentest4j/1.3.0/opentest4j-1.3.0.jar:/home/grandeze/.m2/repository/org/junit/platform/junit-platform-commons/1.12.0-RC2/junit-platform-commons-1.12.0-RC2.jar:/home/grandeze/.m2/repository/org/junit/jupiter/junit-jupiter-params/5.12.0-RC2/junit-jupiter-params-5.12.0-RC2.jar:/home/grandeze/.m2/repository/org/junit/jupiter/junit-jupiter-engine/5.12.0-RC2/junit-jupiter-engine-5.12.0-RC2.jar:/home/grandeze/.m2/repository/org/junit/platform/junit-platform-engine/1.12.0-RC2/junit-platform-engine-1.12.0-RC2.jar:/home/grandeze/.m2/repository/org/apiguardian/apiguardian-api/1.1.2/apiguardian-api-1.1.2.jar:"/>
    <property name="java.vm.vendor" value="Red Hat, Inc."/>
    <property name="sun.arch.data.model" value="64"/>
    <property name="java.vendor.url" value="https://www.redhat.com/"/>
    <property name="os.name" value="Linux"/>
    <property name="java.vm.specification.version" value="21"/>
    <property name="sun.java.launcher" value="SUN_STANDARD"/>
    <property name="user.country" value="PT"/>
    <property name="sun.boot.library.path" value="/usr/lib/jvm/java-21-openjdk/lib"/>
    <property name="sun.java.command" value="/home/grandeze/UA/3Ano/2Semestre/TQS_114429/lab1/lab1_1/TqsStack/target/surefire/surefirebooter-20250306150007750_3.jar /home/grandeze/UA/3Ano/2Semestre/TQS_114429/lab1/lab1_1/TqsStack/target/surefire 2025-03-06T15-00-07_700-jvmRun1 surefire-20250306150007750_1tmp surefire_0-20250306150007750_2tmp"/>
    <property name="jdk.debug" value="release"/>
    <property name="surefire.test.class.path" value="/home/grandeze/UA/3Ano/2Semestre/TQS_114429/lab1/lab1_1/TqsStack/target/test-classes:/home/grandeze/UA/3Ano/2Semestre/TQS_114429/lab1/lab1_1/TqsStack/target/classes:/home/grandeze/.m2/repository/junit/junit/4.13.2/junit-4.13.2.jar:/home/grandeze/.m2/repository/org/hamcrest/hamcrest-core/1.3/hamcrest-core-1.3.jar:/home/grandeze/.m2/repository/org/junit/jupiter/junit-jupiter/5.12.0-RC2/junit-jupiter-5.12.0-RC2.jar:/home/grandeze/.m2/repository/org/junit/jupiter/junit-jupiter-api/5.12.0-RC2/junit-jupiter-api-5.12.0-RC2.jar:/home/grandeze/.m2/repository/org/opentest4j/opentest4j/1.3.0/opentest4j-1.3.0.jar:/home/grandeze/.m2/repository/org/junit/platform/junit-platform-commons/1.12.0-RC2/junit-platform-commons-1.12.0-RC2.jar:/home/grandeze/.m2/repository/org/junit/jupiter/junit-jupiter-params/5.12.0-RC2/junit-jupiter-params-5.12.0-RC2.jar:/home/grandeze/.m2/repository/org/junit/jupiter/junit-jupiter-engine/5.12.0-RC2/junit-jupiter-engine-5.12.0-RC2.jar:/home/grandeze/.m2/repository/org/junit/platform/junit-platform-engine/1.12.0-RC2/junit-platform-engine-1.12.0-RC2.jar:/home/grandeze/.m2/repository/org/apiguardian/apiguardian-api/1.1.2/apiguardian-api-1.1.2.jar:"/>
    <property name="sun.cpu.endian" value="little"/>
    <property name="user.home" value="/home/grandeze"/>
    <property name="user.language" value="pt"/>
    <property name="java.specification.vendor" value="Oracle Corporation"/>
    <property name="java.version.date" value="2025-01-21"/>
    <property name="java.home" value="/usr/lib/jvm/java-21-openjdk"/>
    <property name="file.separator" value="/"/>
    <property name="basedir" value="/home/grandeze/UA/3Ano/2Semestre/TQS_114429/lab1/lab1_1/TqsStack"/>
    <property name="java.vm.compressedOopsMode" value="Zero based"/>
    <property name="line.separator" value="&#10;"/>
    <property name="java.specification.name" value="Java Platform API Specification"/>
    <property name="java.vm.specification.vendor" value="Oracle Corporation"/>
    <property name="surefire.real.class.path" value="/home/grandeze/UA/3Ano/2Semestre/TQS_114429/lab1/lab1_1/TqsStack/target/surefire/surefirebooter-20250306150007750_3.jar"/>
    <property name="sun.management.compiler" value="HotSpot 64-Bit Tiered Compilers"/>
    <property name="java.runtime.version" value="21.0.6+7"/>
    <property name="user.name" value="grandeze"/>
    <property name="stdout.encoding" value="UTF-8"/>
    <property name="path.separator" value=":"/>
    <property name="os.version" value="6.12.13-200.fc41.x86_64"/>
    <property name="java.runtime.name" value="OpenJDK Runtime Environment"/>
    <property name="file.encoding" value="UTF-8"/>
    <property name="java.vm.name" value="OpenJDK 64-Bit Server VM"/>
    <property name="java.vendor.version" value="(Red_Hat-21.0.6.0.7-1)"/>
    <property name="localRepository" value="/home/grandeze/.m2/repository"/>
    <property name="java.vendor.url.bug" value="https://bugzilla.redhat.com/enter_bug.cgi?product=Fedora&amp;component=java-21-openjdk&amp;version=40"/>
    <property name="java.io.tmpdir" value="/tmp"/>
    <property name="java.version" value="21.0.6"/>
    <property name="user.dir" value="/home/grandeze/UA/3Ano/2Semestre/TQS_114429/lab1/lab1_1/TqsStack"/>
    <property name="os.arch" value="amd64"/>
    <property name="java.vm.specification.name" value="Java Virtual Machine Specification"/>
    <property name="native.encoding" value="UTF-8"/>
    <property name="java.library.path" value="/usr/java/packages/lib:/usr/lib64:/lib64:/lib:/usr/lib"/>
    <property name="java.vm.info" value="mixed mode, sharing"/>
    <property name="stderr.encoding" value="UTF-8"/>
    <property name="java.vendor" value="Red Hat, Inc."/>
    <property name="java.vm.version" value="21.0.6+7"/>
    <property name="sun.io.unicode.encoding" value="UnicodeLittle"/>
    <property name="java.class.version" value="65.0"/>
  </properties>
  <testcase name="testPushThenPop" classname="tqs.TqsStackTest" time="0.014"/>
  <testcase name="testPopUntilEmpty" classname="tqs.TqsStackTest" time="0.001"/>
  <testcase name="testPopTopN" classname="tqs.TqsStackTest" time="0.001"/>
  <testcase name="testPushThenPeek" classname="tqs.TqsStackTest" time="0.001"/>
  <testcase name="testPopTopNThrowsException" classname="tqs.TqsStackTest" time="0.001"/>
  <testcase name="testPushIncreasesSize" classname="tqs.TqsStackTest" time="0.0"/>
  <testcase name="testStackSizeOnConstruction" classname="tqs.TqsStackTest" time="0.0"/>
  <testcase name="testPopOnEmptyStack" classname="tqs.TqsStackTest" time="0.001"/>
  <testcase name="testStackIsEmptyOnConstruction" classname="tqs.TqsStackTest" time="0.001"/>
  <testcase name="testPeekOnEmptyStack" classname="tqs.TqsStackTest" time="0.001"/>
</testsuite>